job 4.1 at 2019/03/22 02:51:35
job 6.1 at 2019/03/22 03:03:50
job 7.1 at 2019/03/22 11:48:20
job 8.1 at 2019/03/22 12:05:31
job 9.1 at 2019/03/22 12:08:25
job 10.1 at 2019/03/22 12:27:32
job 11.1 at 2019/03/22 12:38:33
job 12.1 at 2019/03/22 14:13:32
job 13.1 at 2019/03/22 14:26:48
job 14.1 at 2019/03/22 15:22:46
job 14.1 at 2019/03/22 15:27:55
job 15.1 at 2019/03/22 15:39:50
job 15.1 at 2019/03/22 15:41:45
job 16.1 at 2019/03/22 15:55:01
job 16.1 at 2019/03/22 15:57:15
job 25.1 at 2019/03/23 23:19:39
job 26.1 at 2019/03/23 23:32:17
job 27.1 at 2019/03/24 03:47:28
job 61.1 at 2019/06/22 15:25:37 (JST)
 96 files changed, 1 insertion(+)
job 62.1 at 2019/06/22 15:43:36 (JST)
job 62.1 at 2019/06/22 15:44:07 (JST) 1 file changed, 1 insertion(+)
job 63.1 at 2019/06/22 15:46:07 (JST)
job 63.1 at 2019/06/22 15:46:52 (JST) 96 files changed, 1 insertion(+)
job 65.1 at 2019/06/22 16:29:38 (JST)
job 65.1 at make: 2019/06/22 16:29:38 (JST) 1 file changed, 1 insertion(+)
job 66.1 at 2019/06/22 16:31:36 (JST)
job 66.1 at make: 2019/06/22 16:32:28 (JST) 96 files changed, 1 insertion(+)
job 67.1 at 2019/06/22 16:42:59 (JST)
job 67.1 at make: 2019/06/22 16:43:31 (JST) 1 file changed, 1 insertion(+)
job 68.1 at 2019/06/22 16:49:24 (JST)
job 68.1 at make: 2019/06/22 16:49:25 (JST) 1 file changed, 1 insertion(+)
job 69.1 at 2019/06/22 16:52:35 (JST)
job 69.1 at make: 2019/06/22 16:53:29 (JST) 96 files changed, 1 insertion(+)
job 70.1 at 2019/06/22 17:03:10 (JST)
job 70.1 at make: 2019/06/22 17:04:03 (JST) 96 files changed, 1 insertion(+)
job 71.1 at 2019/06/22 17:06:58 (JST)
job 71.1 at make: 2019/06/22 17:06:59 (JST) 1 file changed, 1 insertion(+)
